Analysis & Synthesis report for CONTROLE_FLUXO
Sat Oct 05 22:05:50 2019
Quartus II 64-Bit Version 13.0.1 Build 232 06/12/2013 Service Pack 1 SJ Web Edition


---------------------
; Table of Contents ;
---------------------
  1. Legal Notice
  2. Analysis & Synthesis Summary
  3. Analysis & Synthesis Settings
  4. Parallel Compilation
  5. Analysis & Synthesis Source Files Read
  6. Analysis & Synthesis Resource Usage Summary
  7. Analysis & Synthesis Resource Utilization by Entity
  8. Analysis & Synthesis IP Cores Summary
  9. Registers Removed During Synthesis
 10. General Register Statistics
 11. Source assignments for BRAM:bram_read_pm|altsyncram:altsyncram_component|altsyncram_efo1:auto_generated
 12. Source assignments for BRAM:bram_write_pm|altsyncram:altsyncram_component|altsyncram_efo1:auto_generated
 13. Source assignments for FIFO:fifo_pm|scfifo:scfifo_component|scfifo_j2a1:auto_generated|a_dpfifo_cj31:dpfifo|dpram_1u01:FIFOram|altsyncram_asj1:altsyncram2
 14. Source assignments for FIFO:fifo_pm|scfifo:scfifo_component|scfifo_j2a1:auto_generated|a_dpfifo_cj31:dpfifo|dpram_1u01:FIFOram|altsyncram_asj1:altsyncram2|altsyncram_cmc1:altsyncram3
 15. Parameter Settings for User Entity Instance: BRAM:bram_read_pm|altsyncram:altsyncram_component
 16. Parameter Settings for User Entity Instance: BRAM:bram_write_pm|altsyncram:altsyncram_component
 17. Parameter Settings for User Entity Instance: FIFO:fifo_pm|scfifo:scfifo_component
 18. altsyncram Parameter Settings by Entity Instance
 19. scfifo Parameter Settings by Entity Instance
 20. Port Connectivity Checks: "FIFO:fifo_pm"
 21. Port Connectivity Checks: "BRAM:bram_write_pm"
 22. Elapsed Time Per Partition
 23. Analysis & Synthesis Messages



----------------
; Legal Notice ;
----------------
Copyright (C) 1991-2013 Altera Corporation
Your use of Altera Corporation's design tools, logic functions 
and other software and tools, and its AMPP partner logic 
functions, and any output files from any of the foregoing 
(including device programming or simulation files), and any 
associated documentation or information are expressly subject 
to the terms and conditions of the Altera Program License 
Subscription Agreement, Altera MegaCore Function License 
Agreement, or other applicable license agreement, including, 
without limitation, that your use is for the sole purpose of 
programming logic devices manufactured by Altera and sold by 
Altera or its authorized distributors.  Please refer to the 
applicable agreement for further details.



+--------------------------------------------------------------------------------------+
; Analysis & Synthesis Summary                                                         ;
+------------------------------------+-------------------------------------------------+
; Analysis & Synthesis Status        ; Successful - Sat Oct 05 22:05:50 2019           ;
; Quartus II 64-Bit Version          ; 13.0.1 Build 232 06/12/2013 SP 1 SJ Web Edition ;
; Revision Name                      ; CONTROLE_FLUXO                                  ;
; Top-level Entity Name              ; CONTROLE_FLUXO                                  ;
; Family                             ; Cyclone II                                      ;
; Total logic elements               ; 0                                               ;
;     Total combinational functions  ; 0                                               ;
;     Dedicated logic registers      ; 0                                               ;
; Total registers                    ; 0                                               ;
; Total pins                         ; 31                                              ;
; Total virtual pins                 ; 0                                               ;
; Total memory bits                  ; 0                                               ;
; Embedded Multiplier 9-bit elements ; 0                                               ;
; Total PLLs                         ; 0                                               ;
+------------------------------------+-------------------------------------------------+


+----------------------------------------------------------------------------------------------------------------------+
; Analysis & Synthesis Settings                                                                                        ;
+----------------------------------------------------------------------------+--------------------+--------------------+
; Option                                                                     ; Setting            ; Default Value      ;
+----------------------------------------------------------------------------+--------------------+--------------------+
; Device                                                                     ; EP2C35F672C6       ;                    ;
; Top-level entity name                                                      ; CONTROLE_FLUXO     ; CONTROLE_FLUXO     ;
; Family name                                                                ; Cyclone II         ; Cyclone IV GX      ;
; Use smart compilation                                                      ; Off                ; Off                ;
; Enable parallel Assembler and TimeQuest Timing Analyzer during compilation ; On                 ; On                 ;
; Enable compact report table                                                ; Off                ; Off                ;
; Restructure Multiplexers                                                   ; Auto               ; Auto               ;
; Create Debugging Nodes for IP Cores                                        ; Off                ; Off                ;
; Preserve fewer node names                                                  ; On                 ; On                 ;
; Disable OpenCore Plus hardware evaluation                                  ; Off                ; Off                ;
; Verilog Version                                                            ; Verilog_2001       ; Verilog_2001       ;
; VHDL Version                                                               ; VHDL_1993          ; VHDL_1993          ;
; State Machine Processing                                                   ; Auto               ; Auto               ;
; Safe State Machine                                                         ; Off                ; Off                ;
; Extract Verilog State Machines                                             ; On                 ; On                 ;
; Extract VHDL State Machines                                                ; On                 ; On                 ;
; Ignore Verilog initial constructs                                          ; Off                ; Off                ;
; Iteration limit for constant Verilog loops                                 ; 5000               ; 5000               ;
; Iteration limit for non-constant Verilog loops                             ; 250                ; 250                ;
; Add Pass-Through Logic to Inferred RAMs                                    ; On                 ; On                 ;
; Infer RAMs from Raw Logic                                                  ; On                 ; On                 ;
; Parallel Synthesis                                                         ; On                 ; On                 ;
; DSP Block Balancing                                                        ; Auto               ; Auto               ;
; NOT Gate Push-Back                                                         ; On                 ; On                 ;
; Power-Up Don't Care                                                        ; On                 ; On                 ;
; Remove Redundant Logic Cells                                               ; Off                ; Off                ;
; Remove Duplicate Registers                                                 ; On                 ; On                 ;
; Ignore CARRY Buffers                                                       ; Off                ; Off                ;
; Ignore CASCADE Buffers                                                     ; Off                ; Off                ;
; Ignore GLOBAL Buffers                                                      ; Off                ; Off                ;
; Ignore ROW GLOBAL Buffers                                                  ; Off                ; Off                ;
; Ignore LCELL Buffers                                                       ; Off                ; Off                ;
; Ignore SOFT Buffers                                                        ; On                 ; On                 ;
; Limit AHDL Integers to 32 Bits                                             ; Off                ; Off                ;
; Optimization Technique                                                     ; Balanced           ; Balanced           ;
; Carry Chain Length                                                         ; 70                 ; 70                 ;
; Auto Carry Chains                                                          ; On                 ; On                 ;
; Auto Open-Drain Pins                                                       ; On                 ; On                 ;
; Perform WYSIWYG Primitive Resynthesis                                      ; Off                ; Off                ;
; Auto ROM Replacement                                                       ; On                 ; On                 ;
; Auto RAM Replacement                                                       ; On                 ; On                 ;
; Auto Shift Register Replacement                                            ; Auto               ; Auto               ;
; Allow Shift Register Merging across Hierarchies                            ; Auto               ; Auto               ;
; Auto Clock Enable Replacement                                              ; On                 ; On                 ;
; Strict RAM Replacement                                                     ; Off                ; Off                ;
; Allow Synchronous Control Signals                                          ; On                 ; On                 ;
; Force Use of Synchronous Clear Signals                                     ; Off                ; Off                ;
; Auto RAM to Logic Cell Conversion                                          ; Off                ; Off                ;
; Auto Resource Sharing                                                      ; Off                ; Off                ;
; Allow Any RAM Size For Recognition                                         ; Off                ; Off                ;
; Allow Any ROM Size For Recognition                                         ; Off                ; Off                ;
; Allow Any Shift Register Size For Recognition                              ; Off                ; Off                ;
; Use LogicLock Constraints during Resource Balancing                        ; On                 ; On                 ;
; Ignore translate_off and synthesis_off directives                          ; Off                ; Off                ;
; Timing-Driven Synthesis                                                    ; Off                ; Off                ;
; Report Parameter Settings                                                  ; On                 ; On                 ;
; Report Source Assignments                                                  ; On                 ; On                 ;
; Report Connectivity Checks                                                 ; On                 ; On                 ;
; Ignore Maximum Fan-Out Assignments                                         ; Off                ; Off                ;
; Synchronization Register Chain Length                                      ; 2                  ; 2                  ;
; PowerPlay Power Optimization                                               ; Normal compilation ; Normal compilation ;
; HDL message level                                                          ; Level2             ; Level2             ;
; Suppress Register Optimization Related Messages                            ; Off                ; Off                ;
; Number of Removed Registers Reported in Synthesis Report                   ; 5000               ; 5000               ;
; Number of Swept Nodes Reported in Synthesis Report                         ; 5000               ; 5000               ;
; Number of Inverted Registers Reported in Synthesis Report                  ; 100                ; 100                ;
; Clock MUX Protection                                                       ; On                 ; On                 ;
; Auto Gated Clock Conversion                                                ; Off                ; Off                ;
; Block Design Naming                                                        ; Auto               ; Auto               ;
; SDC constraint protection                                                  ; Off                ; Off                ;
; Synthesis Effort                                                           ; Auto               ; Auto               ;
; Shift Register Replacement - Allow Asynchronous Clear Signal               ; On                 ; On                 ;
; Pre-Mapping Resynthesis Optimization                                       ; Off                ; Off                ;
; Analysis & Synthesis Message Level                                         ; Medium             ; Medium             ;
; Disable Register Merging Across Hierarchies                                ; Auto               ; Auto               ;
; Resource Aware Inference For Block RAM                                     ; On                 ; On                 ;
; Synthesis Seed                                                             ; 1                  ; 1                  ;
+----------------------------------------------------------------------------+--------------------+--------------------+


+------------------------------------------+
; Parallel Compilation                     ;
+----------------------------+-------------+
; Processors                 ; Number      ;
+----------------------------+-------------+
; Number detected on machine ; 4           ;
; Maximum allowed            ; 2           ;
;                            ;             ;
; Average used               ; 1.00        ;
; Maximum used               ; 1           ;
;                            ;             ;
; Usage by Processor         ; % Time Used ;
;     Processor 1            ; 100.0%      ;
;     Processors 2-4         ;   0.0%      ;
+----------------------------+-------------+


+----------------------------------------------------------------------------------------------------------------------------------------------------------------------------+
; Analysis & Synthesis Source Files Read                                                                                                                                     ;
+----------------------------------+-----------------+-----------------------------------+-------------------------------------------------------------------------+---------+
; File Name with User-Entered Path ; Used in Netlist ; File Type                         ; File Name with Absolute Path                                            ; Library ;
+----------------------------------+-----------------+-----------------------------------+-------------------------------------------------------------------------+---------+
; CONTROLE_FLUXO.vhd               ; yes             ; User VHDL File                    ; C:/Users/Caio/Desktop/CONTROLE_FLUXO/CONTROLE_FLUXO.vhd                 ;         ;
; FIFO.vhd                         ; yes             ; User Wizard-Generated File        ; C:/Users/Caio/Desktop/CONTROLE_FLUXO/FIFO.vhd                           ;         ;
; bram.vhd                         ; yes             ; Auto-Found Wizard-Generated File  ; C:/Users/Caio/Desktop/CONTROLE_FLUXO/bram.vhd                           ;         ;
; altsyncram.tdf                   ; yes             ; Megafunction                      ; c:/altera/13.0sp1/quartus/libraries/megafunctions/altsyncram.tdf        ;         ;
; stratix_ram_block.inc            ; yes             ; Megafunction                      ; c:/altera/13.0sp1/quartus/libraries/megafunctions/stratix_ram_block.inc ;         ;
; lpm_mux.inc                      ; yes             ; Megafunction                      ; c:/altera/13.0sp1/quartus/libraries/megafunctions/lpm_mux.inc           ;         ;
; lpm_decode.inc                   ; yes             ; Megafunction                      ; c:/altera/13.0sp1/quartus/libraries/megafunctions/lpm_decode.inc        ;         ;
; aglobal130.inc                   ; yes             ; Megafunction                      ; c:/altera/13.0sp1/quartus/libraries/megafunctions/aglobal130.inc        ;         ;
; a_rdenreg.inc                    ; yes             ; Megafunction                      ; c:/altera/13.0sp1/quartus/libraries/megafunctions/a_rdenreg.inc         ;         ;
; altrom.inc                       ; yes             ; Megafunction                      ; c:/altera/13.0sp1/quartus/libraries/megafunctions/altrom.inc            ;         ;
; altram.inc                       ; yes             ; Megafunction                      ; c:/altera/13.0sp1/quartus/libraries/megafunctions/altram.inc            ;         ;
; altdpram.inc                     ; yes             ; Megafunction                      ; c:/altera/13.0sp1/quartus/libraries/megafunctions/altdpram.inc          ;         ;
; db/altsyncram_efo1.tdf           ; yes             ; Auto-Generated Megafunction       ; C:/Users/Caio/Desktop/CONTROLE_FLUXO/db/altsyncram_efo1.tdf             ;         ;
; scfifo.tdf                       ; yes             ; Megafunction                      ; c:/altera/13.0sp1/quartus/libraries/megafunctions/scfifo.tdf            ;         ;
; a_regfifo.inc                    ; yes             ; Megafunction                      ; c:/altera/13.0sp1/quartus/libraries/megafunctions/a_regfifo.inc         ;         ;
; a_dpfifo.inc                     ; yes             ; Megafunction                      ; c:/altera/13.0sp1/quartus/libraries/megafunctions/a_dpfifo.inc          ;         ;
; a_i2fifo.inc                     ; yes             ; Megafunction                      ; c:/altera/13.0sp1/quartus/libraries/megafunctions/a_i2fifo.inc          ;         ;
; a_fffifo.inc                     ; yes             ; Megafunction                      ; c:/altera/13.0sp1/quartus/libraries/megafunctions/a_fffifo.inc          ;         ;
; a_f2fifo.inc                     ; yes             ; Megafunction                      ; c:/altera/13.0sp1/quartus/libraries/megafunctions/a_f2fifo.inc          ;         ;
; db/scfifo_j2a1.tdf               ; yes             ; Auto-Generated Megafunction       ; C:/Users/Caio/Desktop/CONTROLE_FLUXO/db/scfifo_j2a1.tdf                 ;         ;
; db/a_dpfifo_cj31.tdf             ; yes             ; Auto-Generated Megafunction       ; C:/Users/Caio/Desktop/CONTROLE_FLUXO/db/a_dpfifo_cj31.tdf               ;         ;
; db/a_fefifo_s7f.tdf              ; yes             ; Auto-Generated Megafunction       ; C:/Users/Caio/Desktop/CONTROLE_FLUXO/db/a_fefifo_s7f.tdf                ;         ;
; db/cntr_uj7.tdf                  ; yes             ; Auto-Generated Megafunction       ; C:/Users/Caio/Desktop/CONTROLE_FLUXO/db/cntr_uj7.tdf                    ;         ;
; db/dpram_1u01.tdf                ; yes             ; Auto-Generated Megafunction       ; C:/Users/Caio/Desktop/CONTROLE_FLUXO/db/dpram_1u01.tdf                  ;         ;
; db/altsyncram_asj1.tdf           ; yes             ; Auto-Generated Megafunction       ; C:/Users/Caio/Desktop/CONTROLE_FLUXO/db/altsyncram_asj1.tdf             ;         ;
; db/altsyncram_cmc1.tdf           ; yes             ; Auto-Generated Megafunction       ; C:/Users/Caio/Desktop/CONTROLE_FLUXO/db/altsyncram_cmc1.tdf             ;         ;
; db/cntr_ijb.tdf                  ; yes             ; Auto-Generated Megafunction       ; C:/Users/Caio/Desktop/CONTROLE_FLUXO/db/cntr_ijb.tdf                    ;         ;
+----------------------------------+-----------------+-----------------------------------+-------------------------------------------------------------------------+---------+


+-----------------------------------------------------+
; Analysis & Synthesis Resource Usage Summary         ;
+---------------------------------------------+-------+
; Resource                                    ; Usage ;
+---------------------------------------------+-------+
;                                             ;       ;
; Total combinational functions               ; 0     ;
; Logic element usage by number of LUT inputs ;       ;
;     -- 4 input functions                    ; 0     ;
;     -- 3 input functions                    ; 0     ;
;     -- <=2 input functions                  ; 0     ;
;                                             ;       ;
; Logic elements by mode                      ;       ;
;     -- normal mode                          ; 0     ;
;     -- arithmetic mode                      ; 0     ;
;                                             ;       ;
; Total registers                             ; 0     ;
;     -- Dedicated logic registers            ; 0     ;
;     -- I/O registers                        ; 0     ;
;                                             ;       ;
; I/O pins                                    ; 31    ;
; Embedded Multiplier 9-bit elements          ; 0     ;
+---------------------------------------------+-------+


+-----------------------------------------------------------------------------------------------------------------------------------------------------------------------------+
; Analysis & Synthesis Resource Utilization by Entity                                                                                                                         ;
+----------------------------+-------------------+--------------+-------------+--------------+---------+-----------+------+--------------+---------------------+--------------+
; Compilation Hierarchy Node ; LC Combinationals ; LC Registers ; Memory Bits ; DSP Elements ; DSP 9x9 ; DSP 18x18 ; Pins ; Virtual Pins ; Full Hierarchy Name ; Library Name ;
+----------------------------+-------------------+--------------+-------------+--------------+---------+-----------+------+--------------+---------------------+--------------+
; |CONTROLE_FLUXO            ; 0 (0)             ; 0 (0)        ; 0           ; 0            ; 0       ; 0         ; 31   ; 0            ; |CONTROLE_FLUXO     ; work         ;
+----------------------------+-------------------+--------------+-------------+--------------+---------+-----------+------+--------------+---------------------+--------------+
Note: For table entries with two numbers listed, the numbers in parentheses indicate the number of resources of the given type used by the specific entity alone. The numbers listed outside of parentheses indicate the total resources of the given type used by the specific entity and all of its sub-entities in the hierarchy.


+----------------------------------------------------------------------------------------------------------------------------------------------------+
; Analysis & Synthesis IP Cores Summary                                                                                                              ;
+--------+--------------+---------+--------------+--------------+------------------------------------+-----------------------------------------------+
; Vendor ; IP Core Name ; Version ; Release Date ; License Type ; Entity Instance                    ; IP Include File                               ;
+--------+--------------+---------+--------------+--------------+------------------------------------+-----------------------------------------------+
; Altera ; RAM: 2-PORT  ; N/A     ; N/A          ; N/A          ; |CONTROLE_FLUXO|BRAM:bram_read_pm  ; C:/Users/Caio/Desktop/CONTROLE_FLUXO/bram.vhd ;
; Altera ; RAM: 2-PORT  ; N/A     ; N/A          ; N/A          ; |CONTROLE_FLUXO|BRAM:bram_write_pm ; C:/Users/Caio/Desktop/CONTROLE_FLUXO/bram.vhd ;
; Altera ; FIFO         ; 13.0    ; N/A          ; N/A          ; |CONTROLE_FLUXO|FIFO:fifo_pm       ; C:/Users/Caio/Desktop/CONTROLE_FLUXO/FIFO.vhd ;
+--------+--------------+---------+--------------+--------------+------------------------------------+-----------------------------------------------+


+---------------------------------------------------------------------------------------------------------------------------------------------------------------------+
; Registers Removed During Synthesis                                                                                                                                  ;
+------------------------------------------------------------------------------------------------------------------------------------------------+--------------------+
; Register name                                                                                                                                  ; Reason for Removal ;
+------------------------------------------------------------------------------------------------------------------------------------------------+--------------------+
; FIFO:fifo_pm|scfifo:scfifo_component|scfifo_j2a1:auto_generated|a_dpfifo_cj31:dpfifo|cntr_ijb:wr_ptr|safe_q[0..8]                              ; Lost fanout        ;
; FIFO:fifo_pm|scfifo:scfifo_component|scfifo_j2a1:auto_generated|a_dpfifo_cj31:dpfifo|cntr_ijb:rd_ptr_count|safe_q[0..8]                        ; Lost fanout        ;
; FIFO:fifo_pm|scfifo:scfifo_component|scfifo_j2a1:auto_generated|a_dpfifo_cj31:dpfifo|a_fefifo_s7f:fifo_state|b_full                            ; Lost fanout        ;
; FIFO:fifo_pm|scfifo:scfifo_component|scfifo_j2a1:auto_generated|a_dpfifo_cj31:dpfifo|a_fefifo_s7f:fifo_state|b_non_empty                       ; Lost fanout        ;
; FIFO:fifo_pm|scfifo:scfifo_component|scfifo_j2a1:auto_generated|a_dpfifo_cj31:dpfifo|a_fefifo_s7f:fifo_state|cntr_uj7:count_usedw|safe_q[0..8] ; Lost fanout        ;
; Total Number of Removed Registers = 29                                                                                                         ;                    ;
+------------------------------------------------------------------------------------------------------------------------------------------------+--------------------+


+------------------------------------------------------+
; General Register Statistics                          ;
+----------------------------------------------+-------+
; Statistic                                    ; Value ;
+----------------------------------------------+-------+
; Total registers                              ; 0     ;
; Number of registers using Synchronous Clear  ; 0     ;
; Number of registers using Synchronous Load   ; 0     ;
; Number of registers using Asynchronous Clear ; 0     ;
; Number of registers using Asynchronous Load  ; 0     ;
; Number of registers using Clock Enable       ; 0     ;
; Number of registers using Preset             ; 0     ;
+----------------------------------------------+-------+


+---------------------------------------------------------------------------------------------------------+
; Source assignments for BRAM:bram_read_pm|altsyncram:altsyncram_component|altsyncram_efo1:auto_generated ;
+---------------------------------+--------------------+------+-------------------------------------------+
; Assignment                      ; Value              ; From ; To                                        ;
+---------------------------------+--------------------+------+-------------------------------------------+
; OPTIMIZE_POWER_DURING_SYNTHESIS ; NORMAL_COMPILATION ; -    ; -                                         ;
+---------------------------------+--------------------+------+-------------------------------------------+


+----------------------------------------------------------------------------------------------------------+
; Source assignments for BRAM:bram_write_pm|altsyncram:altsyncram_component|altsyncram_efo1:auto_generated ;
+---------------------------------+--------------------+------+--------------------------------------------+
; Assignment                      ; Value              ; From ; To                                         ;
+---------------------------------+--------------------+------+--------------------------------------------+
; OPTIMIZE_POWER_DURING_SYNTHESIS ; NORMAL_COMPILATION ; -    ; -                                          ;
+---------------------------------+--------------------+------+--------------------------------------------+


+------------------------------------------------------------------------------------------------------------------------------------------------------------+
; Source assignments for FIFO:fifo_pm|scfifo:scfifo_component|scfifo_j2a1:auto_generated|a_dpfifo_cj31:dpfifo|dpram_1u01:FIFOram|altsyncram_asj1:altsyncram2 ;
+---------------------------------+--------------------+------+----------------------------------------------------------------------------------------------+
; Assignment                      ; Value              ; From ; To                                                                                           ;
+---------------------------------+--------------------+------+----------------------------------------------------------------------------------------------+
; OPTIMIZE_POWER_DURING_SYNTHESIS ; NORMAL_COMPILATION ; -    ; -                                                                                            ;
+---------------------------------+--------------------+------+----------------------------------------------------------------------------------------------+


+----------------------------------------------------------------------------------------------------------------------------------------------------------------------------------------+
; Source assignments for FIFO:fifo_pm|scfifo:scfifo_component|scfifo_j2a1:auto_generated|a_dpfifo_cj31:dpfifo|dpram_1u01:FIFOram|altsyncram_asj1:altsyncram2|altsyncram_cmc1:altsyncram3 ;
+---------------------------------+--------------------+------+--------------------------------------------------------------------------------------------------------------------------+
; Assignment                      ; Value              ; From ; To                                                                                                                       ;
+---------------------------------+--------------------+------+--------------------------------------------------------------------------------------------------------------------------+
; OPTIMIZE_POWER_DURING_SYNTHESIS ; NORMAL_COMPILATION ; -    ; -                                                                                                                        ;
+---------------------------------+--------------------+------+--------------------------------------------------------------------------------------------------------------------------+


+------------------------------------------------------------------------------------------------+
; Parameter Settings for User Entity Instance: BRAM:bram_read_pm|altsyncram:altsyncram_component ;
+------------------------------------+----------------------+------------------------------------+
; Parameter Name                     ; Value                ; Type                               ;
+------------------------------------+----------------------+------------------------------------+
; BYTE_SIZE_BLOCK                    ; 8                    ; Untyped                            ;
; AUTO_CARRY_CHAINS                  ; ON                   ; AUTO_CARRY                         ;
; IGNORE_CARRY_BUFFERS               ; OFF                  ; IGNORE_CARRY                       ;
; AUTO_CASCADE_CHAINS                ; ON                   ; AUTO_CASCADE                       ;
; IGNORE_CASCADE_BUFFERS             ; OFF                  ; IGNORE_CASCADE                     ;
; WIDTH_BYTEENA                      ; 1                    ; Untyped                            ;
; OPERATION_MODE                     ; DUAL_PORT            ; Untyped                            ;
; WIDTH_A                            ; 8                    ; Signed Integer                     ;
; WIDTHAD_A                          ; 10                   ; Signed Integer                     ;
; NUMWORDS_A                         ; 1024                 ; Signed Integer                     ;
; OUTDATA_REG_A                      ; UNREGISTERED         ; Untyped                            ;
; ADDRESS_ACLR_A                     ; NONE                 ; Untyped                            ;
; OUTDATA_ACLR_A                     ; NONE                 ; Untyped                            ;
; WRCONTROL_ACLR_A                   ; NONE                 ; Untyped                            ;
; INDATA_ACLR_A                      ; NONE                 ; Untyped                            ;
; BYTEENA_ACLR_A                     ; NONE                 ; Untyped                            ;
; WIDTH_B                            ; 8                    ; Signed Integer                     ;
; WIDTHAD_B                          ; 10                   ; Signed Integer                     ;
; NUMWORDS_B                         ; 1024                 ; Signed Integer                     ;
; INDATA_REG_B                       ; CLOCK1               ; Untyped                            ;
; WRCONTROL_WRADDRESS_REG_B          ; CLOCK1               ; Untyped                            ;
; RDCONTROL_REG_B                    ; CLOCK1               ; Untyped                            ;
; ADDRESS_REG_B                      ; CLOCK0               ; Untyped                            ;
; OUTDATA_REG_B                      ; CLOCK0               ; Untyped                            ;
; BYTEENA_REG_B                      ; CLOCK1               ; Untyped                            ;
; INDATA_ACLR_B                      ; NONE                 ; Untyped                            ;
; WRCONTROL_ACLR_B                   ; NONE                 ; Untyped                            ;
; ADDRESS_ACLR_B                     ; NONE                 ; Untyped                            ;
; OUTDATA_ACLR_B                     ; NONE                 ; Untyped                            ;
; RDCONTROL_ACLR_B                   ; NONE                 ; Untyped                            ;
; BYTEENA_ACLR_B                     ; NONE                 ; Untyped                            ;
; WIDTH_BYTEENA_A                    ; 1                    ; Signed Integer                     ;
; WIDTH_BYTEENA_B                    ; 1                    ; Untyped                            ;
; RAM_BLOCK_TYPE                     ; AUTO                 ; Untyped                            ;
; BYTE_SIZE                          ; 8                    ; Untyped                            ;
; READ_DURING_WRITE_MODE_MIXED_PORTS ; DONT_CARE            ; Untyped                            ;
; READ_DURING_WRITE_MODE_PORT_A      ; NEW_DATA_NO_NBE_READ ; Untyped                            ;
; READ_DURING_WRITE_MODE_PORT_B      ; NEW_DATA_NO_NBE_READ ; Untyped                            ;
; INIT_FILE                          ;                      ; Untyped                            ;
; INIT_FILE_LAYOUT                   ; PORT_A               ; Untyped                            ;
; MAXIMUM_DEPTH                      ; 0                    ; Untyped                            ;
; CLOCK_ENABLE_INPUT_A               ; BYPASS               ; Untyped                            ;
; CLOCK_ENABLE_INPUT_B               ; BYPASS               ; Untyped                            ;
; CLOCK_ENABLE_OUTPUT_A              ; BYPASS               ; Untyped                            ;
; CLOCK_ENABLE_OUTPUT_B              ; BYPASS               ; Untyped                            ;
; CLOCK_ENABLE_CORE_A                ; USE_INPUT_CLKEN      ; Untyped                            ;
; CLOCK_ENABLE_CORE_B                ; USE_INPUT_CLKEN      ; Untyped                            ;
; ENABLE_ECC                         ; FALSE                ; Untyped                            ;
; ECC_PIPELINE_STAGE_ENABLED         ; FALSE                ; Untyped                            ;
; WIDTH_ECCSTATUS                    ; 3                    ; Untyped                            ;
; DEVICE_FAMILY                      ; Cyclone II           ; Untyped                            ;
; CBXI_PARAMETER                     ; altsyncram_efo1      ; Untyped                            ;
+------------------------------------+----------------------+------------------------------------+
Note: In order to hide this table in the UI and the text report file, please set the "Show Parameter Settings in Synthesis Report" option in "Analysis and Synthesis Settings -> More Settings" to "Off".


+-------------------------------------------------------------------------------------------------+
; Parameter Settings for User Entity Instance: BRAM:bram_write_pm|altsyncram:altsyncram_component ;
+------------------------------------+----------------------+-------------------------------------+
; Parameter Name                     ; Value                ; Type                                ;
+------------------------------------+----------------------+-------------------------------------+
; BYTE_SIZE_BLOCK                    ; 8                    ; Untyped                             ;
; AUTO_CARRY_CHAINS                  ; ON                   ; AUTO_CARRY                          ;
; IGNORE_CARRY_BUFFERS               ; OFF                  ; IGNORE_CARRY                        ;
; AUTO_CASCADE_CHAINS                ; ON                   ; AUTO_CASCADE                        ;
; IGNORE_CASCADE_BUFFERS             ; OFF                  ; IGNORE_CASCADE                      ;
; WIDTH_BYTEENA                      ; 1                    ; Untyped                             ;
; OPERATION_MODE                     ; DUAL_PORT            ; Untyped                             ;
; WIDTH_A                            ; 8                    ; Signed Integer                      ;
; WIDTHAD_A                          ; 10                   ; Signed Integer                      ;
; NUMWORDS_A                         ; 1024                 ; Signed Integer                      ;
; OUTDATA_REG_A                      ; UNREGISTERED         ; Untyped                             ;
; ADDRESS_ACLR_A                     ; NONE                 ; Untyped                             ;
; OUTDATA_ACLR_A                     ; NONE                 ; Untyped                             ;
; WRCONTROL_ACLR_A                   ; NONE                 ; Untyped                             ;
; INDATA_ACLR_A                      ; NONE                 ; Untyped                             ;
; BYTEENA_ACLR_A                     ; NONE                 ; Untyped                             ;
; WIDTH_B                            ; 8                    ; Signed Integer                      ;
; WIDTHAD_B                          ; 10                   ; Signed Integer                      ;
; NUMWORDS_B                         ; 1024                 ; Signed Integer                      ;
; INDATA_REG_B                       ; CLOCK1               ; Untyped                             ;
; WRCONTROL_WRADDRESS_REG_B          ; CLOCK1               ; Untyped                             ;
; RDCONTROL_REG_B                    ; CLOCK1               ; Untyped                             ;
; ADDRESS_REG_B                      ; CLOCK0               ; Untyped                             ;
; OUTDATA_REG_B                      ; CLOCK0               ; Untyped                             ;
; BYTEENA_REG_B                      ; CLOCK1               ; Untyped                             ;
; INDATA_ACLR_B                      ; NONE                 ; Untyped                             ;
; WRCONTROL_ACLR_B                   ; NONE                 ; Untyped                             ;
; ADDRESS_ACLR_B                     ; NONE                 ; Untyped                             ;
; OUTDATA_ACLR_B                     ; NONE                 ; Untyped                             ;
; RDCONTROL_ACLR_B                   ; NONE                 ; Untyped                             ;
; BYTEENA_ACLR_B                     ; NONE                 ; Untyped                             ;
; WIDTH_BYTEENA_A                    ; 1                    ; Signed Integer                      ;
; WIDTH_BYTEENA_B                    ; 1                    ; Untyped                             ;
; RAM_BLOCK_TYPE                     ; AUTO                 ; Untyped                             ;
; BYTE_SIZE                          ; 8                    ; Untyped                             ;
; READ_DURING_WRITE_MODE_MIXED_PORTS ; DONT_CARE            ; Untyped                             ;
; READ_DURING_WRITE_MODE_PORT_A      ; NEW_DATA_NO_NBE_READ ; Untyped                             ;
; READ_DURING_WRITE_MODE_PORT_B      ; NEW_DATA_NO_NBE_READ ; Untyped                             ;
; INIT_FILE                          ;                      ; Untyped                             ;
; INIT_FILE_LAYOUT                   ; PORT_A               ; Untyped                             ;
; MAXIMUM_DEPTH                      ; 0                    ; Untyped                             ;
; CLOCK_ENABLE_INPUT_A               ; BYPASS               ; Untyped                             ;
; CLOCK_ENABLE_INPUT_B               ; BYPASS               ; Untyped                             ;
; CLOCK_ENABLE_OUTPUT_A              ; BYPASS               ; Untyped                             ;
; CLOCK_ENABLE_OUTPUT_B              ; BYPASS               ; Untyped                             ;
; CLOCK_ENABLE_CORE_A                ; USE_INPUT_CLKEN      ; Untyped                             ;
; CLOCK_ENABLE_CORE_B                ; USE_INPUT_CLKEN      ; Untyped                             ;
; ENABLE_ECC                         ; FALSE                ; Untyped                             ;
; ECC_PIPELINE_STAGE_ENABLED         ; FALSE                ; Untyped                             ;
; WIDTH_ECCSTATUS                    ; 3                    ; Untyped                             ;
; DEVICE_FAMILY                      ; Cyclone II           ; Untyped                             ;
; CBXI_PARAMETER                     ; altsyncram_efo1      ; Untyped                             ;
+------------------------------------+----------------------+-------------------------------------+
Note: In order to hide this table in the UI and the text report file, please set the "Show Parameter Settings in Synthesis Report" option in "Analysis and Synthesis Settings -> More Settings" to "Off".


+-----------------------------------------------------------------------------------+
; Parameter Settings for User Entity Instance: FIFO:fifo_pm|scfifo:scfifo_component ;
+-------------------------+-------------+-------------------------------------------+
; Parameter Name          ; Value       ; Type                                      ;
+-------------------------+-------------+-------------------------------------------+
; AUTO_CARRY_CHAINS       ; ON          ; AUTO_CARRY                                ;
; IGNORE_CARRY_BUFFERS    ; OFF         ; IGNORE_CARRY                              ;
; AUTO_CASCADE_CHAINS     ; ON          ; AUTO_CASCADE                              ;
; IGNORE_CASCADE_BUFFERS  ; OFF         ; IGNORE_CASCADE                            ;
; lpm_width               ; 8           ; Signed Integer                            ;
; LPM_NUMWORDS            ; 512         ; Signed Integer                            ;
; LPM_WIDTHU              ; 9           ; Signed Integer                            ;
; LPM_SHOWAHEAD           ; OFF         ; Untyped                                   ;
; UNDERFLOW_CHECKING      ; ON          ; Untyped                                   ;
; OVERFLOW_CHECKING       ; ON          ; Untyped                                   ;
; ALLOW_RWCYCLE_WHEN_FULL ; OFF         ; Untyped                                   ;
; ADD_RAM_OUTPUT_REGISTER ; OFF         ; Untyped                                   ;
; ALMOST_FULL_VALUE       ; 384         ; Signed Integer                            ;
; ALMOST_EMPTY_VALUE      ; 256         ; Signed Integer                            ;
; USE_EAB                 ; ON          ; Untyped                                   ;
; MAXIMIZE_SPEED          ; 5           ; Untyped                                   ;
; DEVICE_FAMILY           ; Cyclone II  ; Untyped                                   ;
; OPTIMIZE_FOR_SPEED      ; 5           ; Untyped                                   ;
; CBXI_PARAMETER          ; scfifo_j2a1 ; Untyped                                   ;
+-------------------------+-------------+-------------------------------------------+
Note: In order to hide this table in the UI and the text report file, please set the "Show Parameter Settings in Synthesis Report" option in "Analysis and Synthesis Settings -> More Settings" to "Off".


+------------------------------------------------------------------------------------------------+
; altsyncram Parameter Settings by Entity Instance                                               ;
+-------------------------------------------+----------------------------------------------------+
; Name                                      ; Value                                              ;
+-------------------------------------------+----------------------------------------------------+
; Number of entity instances                ; 2                                                  ;
; Entity Instance                           ; BRAM:bram_read_pm|altsyncram:altsyncram_component  ;
;     -- OPERATION_MODE                     ; DUAL_PORT                                          ;
;     -- WIDTH_A                            ; 8                                                  ;
;     -- NUMWORDS_A                         ; 1024                                               ;
;     -- OUTDATA_REG_A                      ; UNREGISTERED                                       ;
;     -- WIDTH_B                            ; 8                                                  ;
;     -- NUMWORDS_B                         ; 1024                                               ;
;     -- ADDRESS_REG_B                      ; CLOCK0                                             ;
;     -- OUTDATA_REG_B                      ; CLOCK0                                             ;
;     -- RAM_BLOCK_TYPE                     ; AUTO                                               ;
;     -- READ_DURING_WRITE_MODE_MIXED_PORTS ; DONT_CARE                                          ;
; Entity Instance                           ; BRAM:bram_write_pm|altsyncram:altsyncram_component ;
;     -- OPERATION_MODE                     ; DUAL_PORT                                          ;
;     -- WIDTH_A                            ; 8                                                  ;
;     -- NUMWORDS_A                         ; 1024                                               ;
;     -- OUTDATA_REG_A                      ; UNREGISTERED                                       ;
;     -- WIDTH_B                            ; 8                                                  ;
;     -- NUMWORDS_B                         ; 1024                                               ;
;     -- ADDRESS_REG_B                      ; CLOCK0                                             ;
;     -- OUTDATA_REG_B                      ; CLOCK0                                             ;
;     -- RAM_BLOCK_TYPE                     ; AUTO                                               ;
;     -- READ_DURING_WRITE_MODE_MIXED_PORTS ; DONT_CARE                                          ;
+-------------------------------------------+----------------------------------------------------+


+-------------------------------------------------------------------+
; scfifo Parameter Settings by Entity Instance                      ;
+----------------------------+--------------------------------------+
; Name                       ; Value                                ;
+----------------------------+--------------------------------------+
; Number of entity instances ; 1                                    ;
; Entity Instance            ; FIFO:fifo_pm|scfifo:scfifo_component ;
;     -- FIFO Type           ; Single Clock                         ;
;     -- lpm_width           ; 8                                    ;
;     -- LPM_NUMWORDS        ; 512                                  ;
;     -- LPM_SHOWAHEAD       ; OFF                                  ;
;     -- USE_EAB             ; ON                                   ;
+----------------------------+--------------------------------------+


+------------------------------------------------------------------------------------------------------------------------+
; Port Connectivity Checks: "FIFO:fifo_pm"                                                                               ;
+--------------+--------+----------+-------------------------------------------------------------------------------------+
; Port         ; Type   ; Severity ; Details                                                                             ;
+--------------+--------+----------+-------------------------------------------------------------------------------------+
; almost_empty ; Output ; Info     ; Connected to dangling logic. Logic that only feeds a dangling port will be removed. ;
; almost_full  ; Output ; Info     ; Connected to dangling logic. Logic that only feeds a dangling port will be removed. ;
; empty        ; Output ; Info     ; Connected to dangling logic. Logic that only feeds a dangling port will be removed. ;
; full         ; Output ; Info     ; Connected to dangling logic. Logic that only feeds a dangling port will be removed. ;
; usedw        ; Output ; Info     ; Connected to dangling logic. Logic that only feeds a dangling port will be removed. ;
+--------------+--------+----------+-------------------------------------------------------------------------------------+


+----------------------------------------------------------------------------------------------------------------+
; Port Connectivity Checks: "BRAM:bram_write_pm"                                                                 ;
+------+--------+----------+-------------------------------------------------------------------------------------+
; Port ; Type   ; Severity ; Details                                                                             ;
+------+--------+----------+-------------------------------------------------------------------------------------+
; q    ; Output ; Info     ; Connected to dangling logic. Logic that only feeds a dangling port will be removed. ;
+------+--------+----------+-------------------------------------------------------------------------------------+


+-------------------------------+
; Elapsed Time Per Partition    ;
+----------------+--------------+
; Partition Name ; Elapsed Time ;
+----------------+--------------+
; Top            ; 00:00:01     ;
+----------------+--------------+


+-------------------------------+
; Analysis & Synthesis Messages ;
+-------------------------------+
Info: *******************************************************************
Info: Running Quartus II 64-Bit Analysis & Synthesis
    Info: Version 13.0.1 Build 232 06/12/2013 Service Pack 1 SJ Web Edition
    Info: Processing started: Sat Oct 05 22:05:34 2019
Info: Command: quartus_map --read_settings_files=on --write_settings_files=off CONTROLE_FLUXO -c CONTROLE_FLUXO
Info (11104): Parallel Compilation has detected 4 hyper-threaded processors. However, the extra hyper-threaded processors will not be used by default. Parallel Compilation will use 2 of the 2 physical processors detected instead.
Info (12021): Found 2 design units, including 1 entities, in source file controle_fluxo.vhd
    Info (12022): Found design unit 1: CONTROLE_FLUXO-a_CONTROLE_FLUXO
    Info (12023): Found entity 1: CONTROLE_FLUXO
Info (12021): Found 2 design units, including 1 entities, in source file fifo.vhd
    Info (12022): Found design unit 1: fifo-SYN
    Info (12023): Found entity 1: FIFO
Info (12127): Elaborating entity "CONTROLE_FLUXO" for the top level hierarchy
Warning (10036): Verilog HDL or VHDL warning at CONTROLE_FLUXO.vhd(47): object "out_bram_write" assigned a value but never read
Warning (10036): Verilog HDL or VHDL warning at CONTROLE_FLUXO.vhd(48): object "almost_empty_from_fifo" assigned a value but never read
Warning (10036): Verilog HDL or VHDL warning at CONTROLE_FLUXO.vhd(48): object "almost_full_from_fifo" assigned a value but never read
Warning (10036): Verilog HDL or VHDL warning at CONTROLE_FLUXO.vhd(48): object "empty_fifo" assigned a value but never read
Warning (10036): Verilog HDL or VHDL warning at CONTROLE_FLUXO.vhd(48): object "full_fifo" assigned a value but never read
Warning (10541): VHDL Signal Declaration warning at CONTROLE_FLUXO.vhd(48): used implicit default value for signal "enable_bram_write" because signal was never assigned a value or an explicit default value. Use of implicit default value may introduce unintended design optimizations.
Warning (10541): VHDL Signal Declaration warning at CONTROLE_FLUXO.vhd(49): used implicit default value for signal "address_used_to_write_on_bram_write" because signal was never assigned a value or an explicit default value. Use of implicit default value may introduce unintended design optimizations.
Warning (10036): Verilog HDL or VHDL warning at CONTROLE_FLUXO.vhd(50): object "number_of_addresses_used" assigned a value but never read
Warning (10541): VHDL Signal Declaration warning at CONTROLE_FLUXO.vhd(51): used implicit default value for signal "estado_read" because signal was never assigned a value or an explicit default value. Use of implicit default value may introduce unintended design optimizations.
Warning (10541): VHDL Signal Declaration warning at CONTROLE_FLUXO.vhd(51): used implicit default value for signal "estado_write" because signal was never assigned a value or an explicit default value. Use of implicit default value may introduce unintended design optimizations.
Warning (10036): Verilog HDL or VHDL warning at CONTROLE_FLUXO.vhd(52): object "state" assigned a value but never read
Info (10041): Inferred latch for "state.read_state" at CONTROLE_FLUXO.vhd(88)
Info (10041): Inferred latch for "state.write_state" at CONTROLE_FLUXO.vhd(88)
Info (10041): Inferred latch for "state.rst_state" at CONTROLE_FLUXO.vhd(88)
Warning (12125): Using design file bram.vhd, which is not specified as a design file for the current project, but contains definitions for 2 design units and 1 entities in project
    Info (12022): Found design unit 1: bram-SYN
    Info (12023): Found entity 1: BRAM
Info (12128): Elaborating entity "BRAM" for hierarchy "BRAM:bram_read_pm"
Warning (10296): VHDL warning at bram.vhd(104): ignored assignment of value to null range
Info (12128): Elaborating entity "altsyncram" for hierarchy "BRAM:bram_read_pm|altsyncram:altsyncram_component"
Info (12130): Elaborated megafunction instantiation "BRAM:bram_read_pm|altsyncram:altsyncram_component"
Info (12133): Instantiated megafunction "BRAM:bram_read_pm|altsyncram:altsyncram_component" with the following parameter:
    Info (12134): Parameter "address_reg_b" = "CLOCK0"
    Info (12134): Parameter "clock_enable_input_a" = "BYPASS"
    Info (12134): Parameter "clock_enable_input_b" = "BYPASS"
    Info (12134): Parameter "clock_enable_output_a" = "BYPASS"
    Info (12134): Parameter "clock_enable_output_b" = "BYPASS"
    Info (12134): Parameter "init_file" = ""
    Info (12134): Parameter "intended_device_family" = "Cyclone II"
    Info (12134): Parameter "lpm_type" = "altsyncram"
    Info (12134): Parameter "numwords_a" = "1024"
    Info (12134): Parameter "numwords_b" = "1024"
    Info (12134): Parameter "operation_mode" = "DUAL_PORT"
    Info (12134): Parameter "outdata_aclr_b" = "NONE"
    Info (12134): Parameter "outdata_reg_b" = "CLOCK0"
    Info (12134): Parameter "power_up_uninitialized" = "FALSE"
    Info (12134): Parameter "read_during_write_mode_mixed_ports" = "DONT_CARE"
    Info (12134): Parameter "widthad_a" = "10"
    Info (12134): Parameter "widthad_b" = "10"
    Info (12134): Parameter "width_a" = "8"
    Info (12134): Parameter "width_b" = "8"
    Info (12134): Parameter "width_byteena_a" = "1"
Info (12021): Found 1 design units, including 1 entities, in source file db/altsyncram_efo1.tdf
    Info (12023): Found entity 1: altsyncram_efo1
Info (12128): Elaborating entity "altsyncram_efo1" for hierarchy "BRAM:bram_read_pm|altsyncram:altsyncram_component|altsyncram_efo1:auto_generated"
Info (12128): Elaborating entity "FIFO" for hierarchy "FIFO:fifo_pm"
Info (12128): Elaborating entity "scfifo" for hierarchy "FIFO:fifo_pm|scfifo:scfifo_component"
Info (12130): Elaborated megafunction instantiation "FIFO:fifo_pm|scfifo:scfifo_component"
Info (12133): Instantiated megafunction "FIFO:fifo_pm|scfifo:scfifo_component" with the following parameter:
    Info (12134): Parameter "add_ram_output_register" = "OFF"
    Info (12134): Parameter "almost_empty_value" = "256"
    Info (12134): Parameter "almost_full_value" = "384"
    Info (12134): Parameter "intended_device_family" = "Cyclone II"
    Info (12134): Parameter "lpm_numwords" = "512"
    Info (12134): Parameter "lpm_showahead" = "OFF"
    Info (12134): Parameter "lpm_type" = "scfifo"
    Info (12134): Parameter "lpm_width" = "8"
    Info (12134): Parameter "lpm_widthu" = "9"
    Info (12134): Parameter "overflow_checking" = "ON"
    Info (12134): Parameter "underflow_checking" = "ON"
    Info (12134): Parameter "use_eab" = "ON"
Info (12021): Found 1 design units, including 1 entities, in source file db/scfifo_j2a1.tdf
    Info (12023): Found entity 1: scfifo_j2a1
Info (12128): Elaborating entity "scfifo_j2a1" for hierarchy "FIFO:fifo_pm|scfifo:scfifo_component|scfifo_j2a1:auto_generated"
Info (12021): Found 1 design units, including 1 entities, in source file db/a_dpfifo_cj31.tdf
    Info (12023): Found entity 1: a_dpfifo_cj31
Info (12128): Elaborating entity "a_dpfifo_cj31" for hierarchy "FIFO:fifo_pm|scfifo:scfifo_component|scfifo_j2a1:auto_generated|a_dpfifo_cj31:dpfifo"
Info (12021): Found 1 design units, including 1 entities, in source file db/a_fefifo_s7f.tdf
    Info (12023): Found entity 1: a_fefifo_s7f
Info (12128): Elaborating entity "a_fefifo_s7f" for hierarchy "FIFO:fifo_pm|scfifo:scfifo_component|scfifo_j2a1:auto_generated|a_dpfifo_cj31:dpfifo|a_fefifo_s7f:fifo_state"
Info (12021): Found 1 design units, including 1 entities, in source file db/cntr_uj7.tdf
    Info (12023): Found entity 1: cntr_uj7
Info (12128): Elaborating entity "cntr_uj7" for hierarchy "FIFO:fifo_pm|scfifo:scfifo_component|scfifo_j2a1:auto_generated|a_dpfifo_cj31:dpfifo|a_fefifo_s7f:fifo_state|cntr_uj7:count_usedw"
Info (12021): Found 1 design units, including 1 entities, in source file db/dpram_1u01.tdf
    Info (12023): Found entity 1: dpram_1u01
Info (12128): Elaborating entity "dpram_1u01" for hierarchy "FIFO:fifo_pm|scfifo:scfifo_component|scfifo_j2a1:auto_generated|a_dpfifo_cj31:dpfifo|dpram_1u01:FIFOram"
Info (12021): Found 1 design units, including 1 entities, in source file db/altsyncram_asj1.tdf
    Info (12023): Found entity 1: altsyncram_asj1
Info (12128): Elaborating entity "altsyncram_asj1" for hierarchy "FIFO:fifo_pm|scfifo:scfifo_component|scfifo_j2a1:auto_generated|a_dpfifo_cj31:dpfifo|dpram_1u01:FIFOram|altsyncram_asj1:altsyncram2"
Info (12021): Found 1 design units, including 1 entities, in source file db/altsyncram_cmc1.tdf
    Info (12023): Found entity 1: altsyncram_cmc1
Info (12128): Elaborating entity "altsyncram_cmc1" for hierarchy "FIFO:fifo_pm|scfifo:scfifo_component|scfifo_j2a1:auto_generated|a_dpfifo_cj31:dpfifo|dpram_1u01:FIFOram|altsyncram_asj1:altsyncram2|altsyncram_cmc1:altsyncram3"
Info (12021): Found 1 design units, including 1 entities, in source file db/cntr_ijb.tdf
    Info (12023): Found entity 1: cntr_ijb
Info (12128): Elaborating entity "cntr_ijb" for hierarchy "FIFO:fifo_pm|scfifo:scfifo_component|scfifo_j2a1:auto_generated|a_dpfifo_cj31:dpfifo|cntr_ijb:rd_ptr_count"
Warning (14284): Synthesized away the following node(s):
    Warning (14285): Synthesized away the following RAM node(s):
        Warning (14320): Synthesized away node "BRAM:bram_write_pm|altsyncram:altsyncram_component|altsyncram_efo1:auto_generated|q_b[0]"
        Warning (14320): Synthesized away node "BRAM:bram_write_pm|altsyncram:altsyncram_component|altsyncram_efo1:auto_generated|q_b[1]"
        Warning (14320): Synthesized away node "BRAM:bram_write_pm|altsyncram:altsyncram_component|altsyncram_efo1:auto_generated|q_b[2]"
        Warning (14320): Synthesized away node "BRAM:bram_write_pm|altsyncram:altsyncram_component|altsyncram_efo1:auto_generated|q_b[3]"
        Warning (14320): Synthesized away node "BRAM:bram_write_pm|altsyncram:altsyncram_component|altsyncram_efo1:auto_generated|q_b[4]"
        Warning (14320): Synthesized away node "BRAM:bram_write_pm|altsyncram:altsyncram_component|altsyncram_efo1:auto_generated|q_b[5]"
        Warning (14320): Synthesized away node "BRAM:bram_write_pm|altsyncram:altsyncram_component|altsyncram_efo1:auto_generated|q_b[6]"
        Warning (14320): Synthesized away node "BRAM:bram_write_pm|altsyncram:altsyncram_component|altsyncram_efo1:auto_generated|q_b[7]"
        Warning (14320): Synthesized away node "BRAM:bram_read_pm|altsyncram:altsyncram_component|altsyncram_efo1:auto_generated|q_b[0]"
        Warning (14320): Synthesized away node "BRAM:bram_read_pm|altsyncram:altsyncram_component|altsyncram_efo1:auto_generated|q_b[1]"
        Warning (14320): Synthesized away node "BRAM:bram_read_pm|altsyncram:altsyncram_component|altsyncram_efo1:auto_generated|q_b[2]"
        Warning (14320): Synthesized away node "BRAM:bram_read_pm|altsyncram:altsyncram_component|altsyncram_efo1:auto_generated|q_b[3]"
        Warning (14320): Synthesized away node "BRAM:bram_read_pm|altsyncram:altsyncram_component|altsyncram_efo1:auto_generated|q_b[4]"
        Warning (14320): Synthesized away node "BRAM:bram_read_pm|altsyncram:altsyncram_component|altsyncram_efo1:auto_generated|q_b[5]"
        Warning (14320): Synthesized away node "BRAM:bram_read_pm|altsyncram:altsyncram_component|altsyncram_efo1:auto_generated|q_b[6]"
        Warning (14320): Synthesized away node "BRAM:bram_read_pm|altsyncram:altsyncram_component|altsyncram_efo1:auto_generated|q_b[7]"
        Warning (14320): Synthesized away node "FIFO:fifo_pm|scfifo:scfifo_component|scfifo_j2a1:auto_generated|a_dpfifo_cj31:dpfifo|dpram_1u01:FIFOram|altsyncram_asj1:altsyncram2|altsyncram_cmc1:altsyncram3|q_a[0]"
        Warning (14320): Synthesized away node "FIFO:fifo_pm|scfifo:scfifo_component|scfifo_j2a1:auto_generated|a_dpfifo_cj31:dpfifo|dpram_1u01:FIFOram|altsyncram_asj1:altsyncram2|altsyncram_cmc1:altsyncram3|q_a[1]"
        Warning (14320): Synthesized away node "FIFO:fifo_pm|scfifo:scfifo_component|scfifo_j2a1:auto_generated|a_dpfifo_cj31:dpfifo|dpram_1u01:FIFOram|altsyncram_asj1:altsyncram2|altsyncram_cmc1:altsyncram3|q_a[2]"
        Warning (14320): Synthesized away node "FIFO:fifo_pm|scfifo:scfifo_component|scfifo_j2a1:auto_generated|a_dpfifo_cj31:dpfifo|dpram_1u01:FIFOram|altsyncram_asj1:altsyncram2|altsyncram_cmc1:altsyncram3|q_a[3]"
        Warning (14320): Synthesized away node "FIFO:fifo_pm|scfifo:scfifo_component|scfifo_j2a1:auto_generated|a_dpfifo_cj31:dpfifo|dpram_1u01:FIFOram|altsyncram_asj1:altsyncram2|altsyncram_cmc1:altsyncram3|q_a[4]"
        Warning (14320): Synthesized away node "FIFO:fifo_pm|scfifo:scfifo_component|scfifo_j2a1:auto_generated|a_dpfifo_cj31:dpfifo|dpram_1u01:FIFOram|altsyncram_asj1:altsyncram2|altsyncram_cmc1:altsyncram3|q_a[5]"
        Warning (14320): Synthesized away node "FIFO:fifo_pm|scfifo:scfifo_component|scfifo_j2a1:auto_generated|a_dpfifo_cj31:dpfifo|dpram_1u01:FIFOram|altsyncram_asj1:altsyncram2|altsyncram_cmc1:altsyncram3|q_a[6]"
        Warning (14320): Synthesized away node "FIFO:fifo_pm|scfifo:scfifo_component|scfifo_j2a1:auto_generated|a_dpfifo_cj31:dpfifo|dpram_1u01:FIFOram|altsyncram_asj1:altsyncram2|altsyncram_cmc1:altsyncram3|q_a[7]"
Info (17049): 29 registers lost all their fanouts during netlist optimizations.
Info (16010): Generating hard_block partition "hard_block:auto_generated_inst"
    Info (16011): Adding 0 node(s), including 0 DDIO, 0 PLL, 0 transceiver and 0 LCELL
Warning (21074): Design contains 31 input pin(s) that do not drive logic
    Warning (15610): No output dependent on input pin "populating_ram_with_data"
    Warning (15610): No output dependent on input pin "clock"
    Warning (15610): No output dependent on input pin "reset"
    Warning (15610): No output dependent on input pin "data[0]"
    Warning (15610): No output dependent on input pin "data[1]"
    Warning (15610): No output dependent on input pin "data[2]"
    Warning (15610): No output dependent on input pin "data[3]"
    Warning (15610): No output dependent on input pin "data[4]"
    Warning (15610): No output dependent on input pin "data[5]"
    Warning (15610): No output dependent on input pin "data[6]"
    Warning (15610): No output dependent on input pin "data[7]"
    Warning (15610): No output dependent on input pin "rdaddress[0]"
    Warning (15610): No output dependent on input pin "rdaddress[1]"
    Warning (15610): No output dependent on input pin "rdaddress[2]"
    Warning (15610): No output dependent on input pin "rdaddress[3]"
    Warning (15610): No output dependent on input pin "rdaddress[4]"
    Warning (15610): No output dependent on input pin "rdaddress[5]"
    Warning (15610): No output dependent on input pin "rdaddress[6]"
    Warning (15610): No output dependent on input pin "rdaddress[7]"
    Warning (15610): No output dependent on input pin "rdaddress[8]"
    Warning (15610): No output dependent on input pin "rdaddress[9]"
    Warning (15610): No output dependent on input pin "wraddress[0]"
    Warning (15610): No output dependent on input pin "wraddress[1]"
    Warning (15610): No output dependent on input pin "wraddress[2]"
    Warning (15610): No output dependent on input pin "wraddress[3]"
    Warning (15610): No output dependent on input pin "wraddress[4]"
    Warning (15610): No output dependent on input pin "wraddress[5]"
    Warning (15610): No output dependent on input pin "wraddress[6]"
    Warning (15610): No output dependent on input pin "wraddress[7]"
    Warning (15610): No output dependent on input pin "wraddress[8]"
    Warning (15610): No output dependent on input pin "wraddress[9]"
Info (21057): Implemented 31 device resources after synthesis - the final resource count might be different
    Info (21058): Implemented 31 input pins
    Info (21059): Implemented 0 output pins
Info: Quartus II 64-Bit Analysis & Synthesis was successful. 0 errors, 71 warnings
    Info: Peak virtual memory: 523 megabytes
    Info: Processing ended: Sat Oct 05 22:05:50 2019
    Info: Elapsed time: 00:00:16
    Info: Total CPU time (on all processors): 00:00:09


